<?xml version="1.0" encoding="UTF-8"?>
<!-- Generated by org.testng.reporters.JUnitReportReporter -->
<testsuite hostname="DESKTOP-4104OKU" failures="0" tests="1" name="BootCamp.TNG1823.BCAMP" time="0.007" errors="0" timestamp="19 Jan 2023 23:20:23 GMT" skipped="0">
  <testcase classname="BootCamp.TNG1823.BCAMP" name="beforeTest" time="0.007"/>
</testsuite> <!-- BootCamp.TNG1823.BCAMP -->
